
**** Build of configuration Debug for project TC2 ****

"C:\\ti\\ccsv6\\utils\\bin\\gmake" -k all 
'Building file: ../main.c'
'Invoking: ARM Compiler'
"C:/ti/ccsv6/tools/compiler/arm_15.12.3.LTS/bin/armcl" -mv7M4 --code_state=16 --float_support=FPv4SPD16 -me --include_path="C:/ti/ccsv6/tools/compiler/arm_15.12.3.LTS/include" -g --gcc --define=ccs="ccs" --define=PART_TM4C123GH6PM --diag_wrap=off --diag_warning=225 --display_error_number --abi=eabi --preproc_with_compile --preproc_dependency="main.d"  "../main.c"

>> Compilation failure
subdir_rules.mk:7: recipe for target 'main.obj' failed
"../main.c", line 51: warning #225-D: function "presionado1" declared implicitly
"../main.c", line 57: warning #225-D: function "presionado2" declared implicitly
"../main.c", line 63: warning #225-D: function "presionado3" declared implicitly
"../main.c", line 69: warning #225-D: function "presionado4" declared implicitly
"../main.c", line 69: error #18: expected a ")"
"../main.c", line 85: warning #12-D: parsing restarts here after previous syntax error
"../main.c", line 85: error #128: expected a statement
"../main.c", line 93: error #20: identifier "n" is undefined
"../main.c", line 101: warning #225-D: function "presionadotiva2" declared implicitly
"../main.c", line 104: warning #225-D: function "presionado4" declared implicitly
"../main.c", line 113: error #20: identifier "n" is undefined
"../main.c", line 121: warning #225-D: function "presionadotiva1" declared implicitly
"../main.c", line 124: warning #225-D: function "presionado4" declared implicitly
4 errors detected in the compilation of "../main.c".
gmake: *** [main.obj] Error 1
gmake: Target 'all' not remade because of errors.

**** Build Finished ****
