
**** Build of configuration Debug for project timers ****

"C:\\ti\\ccsv6\\utils\\bin\\gmake" -k all 
'Building file: ../startup_ccs.c'
'Invoking: ARM Compiler'
"C:/ti/ccsv6/tools/compiler/arm_15.12.3.LTS/bin/armcl" -mv7M4 --code_state=16 --float_support=FPv4SPD16 --abi=eabi -me -O2 -g --include_path="C:/ti/ccsv6/tools/compiler/arm_15.12.3.LTS/include" --include_path="C:/StellarisWare" --gcc --define=ccs="ccs" --define=PART_LM4F120H5QR --define=TARGET_IS_BLIZZARD_RA1 --diag_warning=225 --display_error_number --gen_func_subsections=on --ual --preproc_with_compile --preproc_dependency="startup_ccs.d"  "../startup_ccs.c"
'Finished building: ../startup_ccs.c'
' '
'Building file: ../timers.c'
'Invoking: ARM Compiler'
"C:/ti/ccsv6/tools/compiler/arm_15.12.3.LTS/bin/armcl" -mv7M4 --code_state=16 --float_support=FPv4SPD16 --abi=eabi -me -O2 -g --include_path="C:/ti/ccsv6/tools/compiler/arm_15.12.3.LTS/include" --include_path="C:/StellarisWare" --gcc --define=ccs="ccs" --define=PART_LM4F120H5QR --define=TARGET_IS_BLIZZARD_RA1 --diag_warning=225 --display_error_number --gen_func_subsections=on --ual --preproc_with_compile --preproc_dependency="timers.d"  "../timers.c"
'Finished building: ../timers.c'
' '
'Building file: C:/StellarisWare/utils/uartstdio.c'
'Invoking: ARM Compiler'
"C:/ti/ccsv6/tools/compiler/arm_15.12.3.LTS/bin/armcl" -mv7M4 --code_state=16 --float_support=FPv4SPD16 --abi=eabi -me -O2 -g --include_path="C:/ti/ccsv6/tools/compiler/arm_15.12.3.LTS/include" --include_path="C:/StellarisWare" --gcc --define=ccs="ccs" --define=PART_LM4F120H5QR --define=TARGET_IS_BLIZZARD_RA1 --diag_warning=225 --display_error_number --gen_func_subsections=on --ual --preproc_with_compile --preproc_dependency="utils/uartstdio.d" --obj_directory="utils"  "C:/StellarisWare/utils/uartstdio.c"
'Finished building: C:/StellarisWare/utils/uartstdio.c'
' '
'Building target: timers.out'
'Invoking: ARM Linker'
"C:/ti/ccsv6/tools/compiler/arm_15.12.3.LTS/bin/armcl" -mv7M4 --code_state=16 --float_support=FPv4SPD16 --abi=eabi -me -O2 -g --gcc --define=ccs="ccs" --define=PART_LM4F120H5QR --define=TARGET_IS_BLIZZARD_RA1 --diag_warning=225 --display_error_number --gen_func_subsections=on --ual -z --stack_size=256 -m"timers_ccs.map" --heap_size=0 -i"C:/ti/ccsv6/tools/compiler/arm_15.12.3.LTS/lib" -i"C:/ti/ccsv6/tools/compiler/arm_15.12.3.LTS/include" --reread_libs --warn_sections --display_error_number --xml_link_info="timers_linkInfo.xml" --rom_model -o "timers.out" "./startup_ccs.obj" "./timers.obj" "./utils/uartstdio.obj" "../timers_ccs.cmd"  -llibc.a -l"C:/StellarisWare/driverlib/ccs-cm4f/Debug/driverlib-cm4f.lib" 
<Linking>
'Finished building target: timers.out'
' '
"C:/ti/ccsv6/utils/tiobj2bin/tiobj2bin" "timers.out" "timers.bin" "C:/ti/ccsv6/tools/compiler/arm_15.12.3.LTS/bin/ofd470" "C:/ti/ccsv6/tools/compiler/arm_15.12.3.LTS/bin/hex470" "C:/ti/ccsv6/utils/tiobj2bin/mkhex4bin"
' '

**** Build Finished ****
